C:\USERS\NIEMS\DOCUMENTS\VISUAL STUDIO 2012\PROJECTS\ROBOPROTOTYPE\ROBOPROTOTYPE\DEBUG\MAIN.OBJ
C:\USERS\NIEMS\DOCUMENTS\VISUAL STUDIO 2012\PROJECTS\ROBOPROTOTYPE\ROBOPROTOTYPE\DEBUG\TIMER.OBJ
C:\USERS\NIEMS\DOCUMENTS\VISUAL STUDIO 2012\PROJECTS\ROBOPROTOTYPE\ROBOPROTOTYPE\DEBUG\VC110.PDB
C:\USERS\NIEMS\DOCUMENTS\VISUAL STUDIO 2012\PROJECTS\ROBOPROTOTYPE\ROBOPROTOTYPE\DEBUG\OBJECT.OBJ
C:\USERS\NIEMS\DOCUMENTS\VISUAL STUDIO 2012\PROJECTS\ROBOPROTOTYPE\ROBOPROTOTYPE\DEBUG\EDITOR.OBJ
C:\USERS\NIEMS\DOCUMENTS\VISUAL STUDIO 2012\PROJECTS\ROBOPROTOTYPE\DEBUG\ROBOPROTOTYPE.ILK
C:\USERS\NIEMS\DOCUMENTS\VISUAL STUDIO 2012\PROJECTS\ROBOPROTOTYPE\DEBUG\ROBOPROTOTYPE.EXE
C:\USERS\NIEMS\DOCUMENTS\VISUAL STUDIO 2012\PROJECTS\ROBOPROTOTYPE\DEBUG\ROBOPROTOTYPE.PDB
C:\Users\Niems\documents\visual studio 2012\Projects\RoboPrototype\RoboPrototype\Debug\Editor.obj
C:\Users\Niems\documents\visual studio 2012\Projects\RoboPrototype\RoboPrototype\Debug\main.obj
C:\Users\Niems\documents\visual studio 2012\Projects\RoboPrototype\RoboPrototype\Debug\Object.obj
C:\Users\Niems\documents\visual studio 2012\Projects\RoboPrototype\RoboPrototype\Debug\Timer.obj
C:\Users\Niems\documents\visual studio 2012\Projects\RoboPrototype\RoboPrototype\Debug\cl.command.1.tlog
C:\Users\Niems\documents\visual studio 2012\Projects\RoboPrototype\RoboPrototype\Debug\CL.read.1.tlog
C:\Users\Niems\documents\visual studio 2012\Projects\RoboPrototype\RoboPrototype\Debug\CL.write.1.tlog
C:\Users\Niems\documents\visual studio 2012\Projects\RoboPrototype\RoboPrototype\Debug\link-cvtres.read.1.tlog
C:\Users\Niems\documents\visual studio 2012\Projects\RoboPrototype\RoboPrototype\Debug\link-cvtres.write.1.tlog
C:\Users\Niems\documents\visual studio 2012\Projects\RoboPrototype\RoboPrototype\Debug\link-rc.read.1.tlog
C:\Users\Niems\documents\visual studio 2012\Projects\RoboPrototype\RoboPrototype\Debug\link-rc.write.1.tlog
C:\Users\Niems\documents\visual studio 2012\Projects\RoboPrototype\RoboPrototype\Debug\link.10196-cvtres.read.1.tlog
C:\Users\Niems\documents\visual studio 2012\Projects\RoboPrototype\RoboPrototype\Debug\link.10196-cvtres.write.1.tlog
C:\Users\Niems\documents\visual studio 2012\Projects\RoboPrototype\RoboPrototype\Debug\link.10196-rc.read.1.tlog
C:\Users\Niems\documents\visual studio 2012\Projects\RoboPrototype\RoboPrototype\Debug\link.10196-rc.write.1.tlog
C:\Users\Niems\documents\visual studio 2012\Projects\RoboPrototype\RoboPrototype\Debug\link.10196.read.1.tlog
C:\Users\Niems\documents\visual studio 2012\Projects\RoboPrototype\RoboPrototype\Debug\link.10196.read.2.tlog
C:\Users\Niems\documents\visual studio 2012\Projects\RoboPrototype\RoboPrototype\Debug\link.10196.write.1.tlog
C:\Users\Niems\documents\visual studio 2012\Projects\RoboPrototype\RoboPrototype\Debug\link.10216-cvtres.read.1.tlog
C:\Users\Niems\documents\visual studio 2012\Projects\RoboPrototype\RoboPrototype\Debug\link.10216-cvtres.write.1.tlog
C:\Users\Niems\documents\visual studio 2012\Projects\RoboPrototype\RoboPrototype\Debug\link.10216-rc.read.1.tlog
C:\Users\Niems\documents\visual studio 2012\Projects\RoboPrototype\RoboPrototype\Debug\link.10216-rc.write.1.tlog
C:\Users\Niems\documents\visual studio 2012\Projects\RoboPrototype\RoboPrototype\Debug\link.10216.read.1.tlog
C:\Users\Niems\documents\visual studio 2012\Projects\RoboPrototype\RoboPrototype\Debug\link.10216.read.2.tlog
C:\Users\Niems\documents\visual studio 2012\Projects\RoboPrototype\RoboPrototype\Debug\link.10216.write.1.tlog
C:\Users\Niems\documents\visual studio 2012\Projects\RoboPrototype\RoboPrototype\Debug\link.10884-cvtres.read.1.tlog
C:\Users\Niems\documents\visual studio 2012\Projects\RoboPrototype\RoboPrototype\Debug\link.10884-cvtres.write.1.tlog
C:\Users\Niems\documents\visual studio 2012\Projects\RoboPrototype\RoboPrototype\Debug\link.10884-rc.read.1.tlog
C:\Users\Niems\documents\visual studio 2012\Projects\RoboPrototype\RoboPrototype\Debug\link.10884-rc.write.1.tlog
C:\Users\Niems\documents\visual studio 2012\Projects\RoboPrototype\RoboPrototype\Debug\link.10884.read.1.tlog
C:\Users\Niems\documents\visual studio 2012\Projects\RoboPrototype\RoboPrototype\Debug\link.10884.read.2.tlog
C:\Users\Niems\documents\visual studio 2012\Projects\RoboPrototype\RoboPrototype\Debug\link.10884.write.1.tlog
C:\Users\Niems\documents\visual studio 2012\Projects\RoboPrototype\RoboPrototype\Debug\link.1352-cvtres.read.1.tlog
C:\Users\Niems\documents\visual studio 2012\Projects\RoboPrototype\RoboPrototype\Debug\link.1352-cvtres.write.1.tlog
C:\Users\Niems\documents\visual studio 2012\Projects\RoboPrototype\RoboPrototype\Debug\link.1352-rc.read.1.tlog
C:\Users\Niems\documents\visual studio 2012\Projects\RoboPrototype\RoboPrototype\Debug\link.1352-rc.write.1.tlog
C:\Users\Niems\documents\visual studio 2012\Projects\RoboPrototype\RoboPrototype\Debug\link.1352.read.1.tlog
C:\Users\Niems\documents\visual studio 2012\Projects\RoboPrototype\RoboPrototype\Debug\link.1352.read.2.tlog
C:\Users\Niems\documents\visual studio 2012\Projects\RoboPrototype\RoboPrototype\Debug\link.1352.write.1.tlog
C:\Users\Niems\documents\visual studio 2012\Projects\RoboPrototype\RoboPrototype\Debug\link.1564-cvtres.read.1.tlog
C:\Users\Niems\documents\visual studio 2012\Projects\RoboPrototype\RoboPrototype\Debug\link.1564-cvtres.write.1.tlog
C:\Users\Niems\documents\visual studio 2012\Projects\RoboPrototype\RoboPrototype\Debug\link.1564-rc.read.1.tlog
C:\Users\Niems\documents\visual studio 2012\Projects\RoboPrototype\RoboPrototype\Debug\link.1564-rc.write.1.tlog
C:\Users\Niems\documents\visual studio 2012\Projects\RoboPrototype\RoboPrototype\Debug\link.1564.read.1.tlog
C:\Users\Niems\documents\visual studio 2012\Projects\RoboPrototype\RoboPrototype\Debug\link.1564.read.2.tlog
C:\Users\Niems\documents\visual studio 2012\Projects\RoboPrototype\RoboPrototype\Debug\link.1564.write.1.tlog
C:\Users\Niems\documents\visual studio 2012\Projects\RoboPrototype\RoboPrototype\Debug\link.4416-cvtres.read.1.tlog
C:\Users\Niems\documents\visual studio 2012\Projects\RoboPrototype\RoboPrototype\Debug\link.4416-cvtres.write.1.tlog
C:\Users\Niems\documents\visual studio 2012\Projects\RoboPrototype\RoboPrototype\Debug\link.4416-rc.read.1.tlog
C:\Users\Niems\documents\visual studio 2012\Projects\RoboPrototype\RoboPrototype\Debug\link.4416-rc.write.1.tlog
C:\Users\Niems\documents\visual studio 2012\Projects\RoboPrototype\RoboPrototype\Debug\link.4416.read.1.tlog
C:\Users\Niems\documents\visual studio 2012\Projects\RoboPrototype\RoboPrototype\Debug\link.4416.read.2.tlog
C:\Users\Niems\documents\visual studio 2012\Projects\RoboPrototype\RoboPrototype\Debug\link.4416.write.1.tlog
C:\Users\Niems\documents\visual studio 2012\Projects\RoboPrototype\RoboPrototype\Debug\link.4676-cvtres.read.1.tlog
C:\Users\Niems\documents\visual studio 2012\Projects\RoboPrototype\RoboPrototype\Debug\link.4676-cvtres.write.1.tlog
C:\Users\Niems\documents\visual studio 2012\Projects\RoboPrototype\RoboPrototype\Debug\link.4676-rc.read.1.tlog
C:\Users\Niems\documents\visual studio 2012\Projects\RoboPrototype\RoboPrototype\Debug\link.4676-rc.write.1.tlog
C:\Users\Niems\documents\visual studio 2012\Projects\RoboPrototype\RoboPrototype\Debug\link.4676.read.1.tlog
C:\Users\Niems\documents\visual studio 2012\Projects\RoboPrototype\RoboPrototype\Debug\link.4676.read.2.tlog
C:\Users\Niems\documents\visual studio 2012\Projects\RoboPrototype\RoboPrototype\Debug\link.4676.write.1.tlog
C:\Users\Niems\documents\visual studio 2012\Projects\RoboPrototype\RoboPrototype\Debug\link.5032-cvtres.read.1.tlog
C:\Users\Niems\documents\visual studio 2012\Projects\RoboPrototype\RoboPrototype\Debug\link.5032-cvtres.write.1.tlog
C:\Users\Niems\documents\visual studio 2012\Projects\RoboPrototype\RoboPrototype\Debug\link.5032-rc.read.1.tlog
C:\Users\Niems\documents\visual studio 2012\Projects\RoboPrototype\RoboPrototype\Debug\link.5032-rc.write.1.tlog
C:\Users\Niems\documents\visual studio 2012\Projects\RoboPrototype\RoboPrototype\Debug\link.5032.read.1.tlog
C:\Users\Niems\documents\visual studio 2012\Projects\RoboPrototype\RoboPrototype\Debug\link.5032.read.2.tlog
C:\Users\Niems\documents\visual studio 2012\Projects\RoboPrototype\RoboPrototype\Debug\link.5032.write.1.tlog
C:\Users\Niems\documents\visual studio 2012\Projects\RoboPrototype\RoboPrototype\Debug\link.5192-cvtres.read.1.tlog
C:\Users\Niems\documents\visual studio 2012\Projects\RoboPrototype\RoboPrototype\Debug\link.5192-cvtres.write.1.tlog
C:\Users\Niems\documents\visual studio 2012\Projects\RoboPrototype\RoboPrototype\Debug\link.5192-rc.read.1.tlog
C:\Users\Niems\documents\visual studio 2012\Projects\RoboPrototype\RoboPrototype\Debug\link.5192-rc.write.1.tlog
C:\Users\Niems\documents\visual studio 2012\Projects\RoboPrototype\RoboPrototype\Debug\link.5192.read.1.tlog
C:\Users\Niems\documents\visual studio 2012\Projects\RoboPrototype\RoboPrototype\Debug\link.5192.read.2.tlog
C:\Users\Niems\documents\visual studio 2012\Projects\RoboPrototype\RoboPrototype\Debug\link.5192.write.1.tlog
C:\Users\Niems\documents\visual studio 2012\Projects\RoboPrototype\RoboPrototype\Debug\link.5348-cvtres.read.1.tlog
C:\Users\Niems\documents\visual studio 2012\Projects\RoboPrototype\RoboPrototype\Debug\link.5348-cvtres.write.1.tlog
C:\Users\Niems\documents\visual studio 2012\Projects\RoboPrototype\RoboPrototype\Debug\link.5348-rc.read.1.tlog
C:\Users\Niems\documents\visual studio 2012\Projects\RoboPrototype\RoboPrototype\Debug\link.5348-rc.write.1.tlog
C:\Users\Niems\documents\visual studio 2012\Projects\RoboPrototype\RoboPrototype\Debug\link.5348.read.1.tlog
C:\Users\Niems\documents\visual studio 2012\Projects\RoboPrototype\RoboPrototype\Debug\link.5348.read.2.tlog
C:\Users\Niems\documents\visual studio 2012\Projects\RoboPrototype\RoboPrototype\Debug\link.5348.write.1.tlog
C:\Users\Niems\documents\visual studio 2012\Projects\RoboPrototype\RoboPrototype\Debug\link.5796-cvtres.read.1.tlog
C:\Users\Niems\documents\visual studio 2012\Projects\RoboPrototype\RoboPrototype\Debug\link.5796-cvtres.write.1.tlog
C:\Users\Niems\documents\visual studio 2012\Projects\RoboPrototype\RoboPrototype\Debug\link.5796-rc.read.1.tlog
C:\Users\Niems\documents\visual studio 2012\Projects\RoboPrototype\RoboPrototype\Debug\link.5796-rc.write.1.tlog
C:\Users\Niems\documents\visual studio 2012\Projects\RoboPrototype\RoboPrototype\Debug\link.5796.read.1.tlog
C:\Users\Niems\documents\visual studio 2012\Projects\RoboPrototype\RoboPrototype\Debug\link.5796.read.2.tlog
C:\Users\Niems\documents\visual studio 2012\Projects\RoboPrototype\RoboPrototype\Debug\link.5796.write.1.tlog
C:\Users\Niems\documents\visual studio 2012\Projects\RoboPrototype\RoboPrototype\Debug\link.6332-cvtres.read.1.tlog
C:\Users\Niems\documents\visual studio 2012\Projects\RoboPrototype\RoboPrototype\Debug\link.6332-cvtres.write.1.tlog
C:\Users\Niems\documents\visual studio 2012\Projects\RoboPrototype\RoboPrototype\Debug\link.6332-rc.read.1.tlog
C:\Users\Niems\documents\visual studio 2012\Projects\RoboPrototype\RoboPrototype\Debug\link.6332-rc.write.1.tlog
C:\Users\Niems\documents\visual studio 2012\Projects\RoboPrototype\RoboPrototype\Debug\link.6332.read.1.tlog
C:\Users\Niems\documents\visual studio 2012\Projects\RoboPrototype\RoboPrototype\Debug\link.6332.read.2.tlog
C:\Users\Niems\documents\visual studio 2012\Projects\RoboPrototype\RoboPrototype\Debug\link.6332.write.1.tlog
C:\Users\Niems\documents\visual studio 2012\Projects\RoboPrototype\RoboPrototype\Debug\link.6952-cvtres.read.1.tlog
C:\Users\Niems\documents\visual studio 2012\Projects\RoboPrototype\RoboPrototype\Debug\link.6952-cvtres.write.1.tlog
C:\Users\Niems\documents\visual studio 2012\Projects\RoboPrototype\RoboPrototype\Debug\link.6952-rc.read.1.tlog
C:\Users\Niems\documents\visual studio 2012\Projects\RoboPrototype\RoboPrototype\Debug\link.6952-rc.write.1.tlog
C:\Users\Niems\documents\visual studio 2012\Projects\RoboPrototype\RoboPrototype\Debug\link.6952.read.1.tlog
C:\Users\Niems\documents\visual studio 2012\Projects\RoboPrototype\RoboPrototype\Debug\link.6952.read.2.tlog
C:\Users\Niems\documents\visual studio 2012\Projects\RoboPrototype\RoboPrototype\Debug\link.6952.write.1.tlog
C:\Users\Niems\documents\visual studio 2012\Projects\RoboPrototype\RoboPrototype\Debug\link.7268-cvtres.read.1.tlog
C:\Users\Niems\documents\visual studio 2012\Projects\RoboPrototype\RoboPrototype\Debug\link.7268-cvtres.write.1.tlog
C:\Users\Niems\documents\visual studio 2012\Projects\RoboPrototype\RoboPrototype\Debug\link.7268-rc.read.1.tlog
C:\Users\Niems\documents\visual studio 2012\Projects\RoboPrototype\RoboPrototype\Debug\link.7268-rc.write.1.tlog
C:\Users\Niems\documents\visual studio 2012\Projects\RoboPrototype\RoboPrototype\Debug\link.7268.read.1.tlog
C:\Users\Niems\documents\visual studio 2012\Projects\RoboPrototype\RoboPrototype\Debug\link.7268.read.2.tlog
C:\Users\Niems\documents\visual studio 2012\Projects\RoboPrototype\RoboPrototype\Debug\link.7268.write.1.tlog
C:\Users\Niems\documents\visual studio 2012\Projects\RoboPrototype\RoboPrototype\Debug\link.8452-cvtres.read.1.tlog
C:\Users\Niems\documents\visual studio 2012\Projects\RoboPrototype\RoboPrototype\Debug\link.8452-cvtres.write.1.tlog
C:\Users\Niems\documents\visual studio 2012\Projects\RoboPrototype\RoboPrototype\Debug\link.8452-rc.read.1.tlog
C:\Users\Niems\documents\visual studio 2012\Projects\RoboPrototype\RoboPrototype\Debug\link.8452-rc.write.1.tlog
C:\Users\Niems\documents\visual studio 2012\Projects\RoboPrototype\RoboPrototype\Debug\link.8452.read.1.tlog
C:\Users\Niems\documents\visual studio 2012\Projects\RoboPrototype\RoboPrototype\Debug\link.8452.read.2.tlog
C:\Users\Niems\documents\visual studio 2012\Projects\RoboPrototype\RoboPrototype\Debug\link.8452.write.1.tlog
C:\Users\Niems\documents\visual studio 2012\Projects\RoboPrototype\RoboPrototype\Debug\link.8584-cvtres.read.1.tlog
C:\Users\Niems\documents\visual studio 2012\Projects\RoboPrototype\RoboPrototype\Debug\link.8584-cvtres.write.1.tlog
C:\Users\Niems\documents\visual studio 2012\Projects\RoboPrototype\RoboPrototype\Debug\link.8584-rc.read.1.tlog
C:\Users\Niems\documents\visual studio 2012\Projects\RoboPrototype\RoboPrototype\Debug\link.8584-rc.write.1.tlog
C:\Users\Niems\documents\visual studio 2012\Projects\RoboPrototype\RoboPrototype\Debug\link.8584.read.1.tlog
C:\Users\Niems\documents\visual studio 2012\Projects\RoboPrototype\RoboPrototype\Debug\link.8584.read.2.tlog
C:\Users\Niems\documents\visual studio 2012\Projects\RoboPrototype\RoboPrototype\Debug\link.8584.write.1.tlog
C:\Users\Niems\documents\visual studio 2012\Projects\RoboPrototype\RoboPrototype\Debug\link.8636-cvtres.read.1.tlog
C:\Users\Niems\documents\visual studio 2012\Projects\RoboPrototype\RoboPrototype\Debug\link.8636-cvtres.write.1.tlog
C:\Users\Niems\documents\visual studio 2012\Projects\RoboPrototype\RoboPrototype\Debug\link.8636-rc.read.1.tlog
C:\Users\Niems\documents\visual studio 2012\Projects\RoboPrototype\RoboPrototype\Debug\link.8636-rc.write.1.tlog
C:\Users\Niems\documents\visual studio 2012\Projects\RoboPrototype\RoboPrototype\Debug\link.8636.read.1.tlog
C:\Users\Niems\documents\visual studio 2012\Projects\RoboPrototype\RoboPrototype\Debug\link.8636.read.2.tlog
C:\Users\Niems\documents\visual studio 2012\Projects\RoboPrototype\RoboPrototype\Debug\link.8636.write.1.tlog
C:\Users\Niems\documents\visual studio 2012\Projects\RoboPrototype\RoboPrototype\Debug\link.9132-cvtres.read.1.tlog
C:\Users\Niems\documents\visual studio 2012\Projects\RoboPrototype\RoboPrototype\Debug\link.9132-cvtres.write.1.tlog
C:\Users\Niems\documents\visual studio 2012\Projects\RoboPrototype\RoboPrototype\Debug\link.9132-rc.read.1.tlog
C:\Users\Niems\documents\visual studio 2012\Projects\RoboPrototype\RoboPrototype\Debug\link.9132-rc.write.1.tlog
C:\Users\Niems\documents\visual studio 2012\Projects\RoboPrototype\RoboPrototype\Debug\link.9132.read.1.tlog
C:\Users\Niems\documents\visual studio 2012\Projects\RoboPrototype\RoboPrototype\Debug\link.9132.read.2.tlog
C:\Users\Niems\documents\visual studio 2012\Projects\RoboPrototype\RoboPrototype\Debug\link.9132.write.1.tlog
C:\Users\Niems\documents\visual studio 2012\Projects\RoboPrototype\RoboPrototype\Debug\link.9268-cvtres.read.1.tlog
C:\Users\Niems\documents\visual studio 2012\Projects\RoboPrototype\RoboPrototype\Debug\link.9268-cvtres.write.1.tlog
C:\Users\Niems\documents\visual studio 2012\Projects\RoboPrototype\RoboPrototype\Debug\link.9268-rc.read.1.tlog
C:\Users\Niems\documents\visual studio 2012\Projects\RoboPrototype\RoboPrototype\Debug\link.9268-rc.write.1.tlog
C:\Users\Niems\documents\visual studio 2012\Projects\RoboPrototype\RoboPrototype\Debug\link.9268.read.1.tlog
C:\Users\Niems\documents\visual studio 2012\Projects\RoboPrototype\RoboPrototype\Debug\link.9268.read.2.tlog
C:\Users\Niems\documents\visual studio 2012\Projects\RoboPrototype\RoboPrototype\Debug\link.9268.write.1.tlog
C:\Users\Niems\documents\visual studio 2012\Projects\RoboPrototype\RoboPrototype\Debug\link.9312-cvtres.read.1.tlog
C:\Users\Niems\documents\visual studio 2012\Projects\RoboPrototype\RoboPrototype\Debug\link.9312-cvtres.write.1.tlog
C:\Users\Niems\documents\visual studio 2012\Projects\RoboPrototype\RoboPrototype\Debug\link.9312-rc.read.1.tlog
C:\Users\Niems\documents\visual studio 2012\Projects\RoboPrototype\RoboPrototype\Debug\link.9312-rc.write.1.tlog
C:\Users\Niems\documents\visual studio 2012\Projects\RoboPrototype\RoboPrototype\Debug\link.9312.read.1.tlog
C:\Users\Niems\documents\visual studio 2012\Projects\RoboPrototype\RoboPrototype\Debug\link.9312.write.1.tlog
C:\Users\Niems\documents\visual studio 2012\Projects\RoboPrototype\RoboPrototype\Debug\link.9356-cvtres.read.1.tlog
C:\Users\Niems\documents\visual studio 2012\Projects\RoboPrototype\RoboPrototype\Debug\link.9356-cvtres.write.1.tlog
C:\Users\Niems\documents\visual studio 2012\Projects\RoboPrototype\RoboPrototype\Debug\link.9356-rc.read.1.tlog
C:\Users\Niems\documents\visual studio 2012\Projects\RoboPrototype\RoboPrototype\Debug\link.9356-rc.write.1.tlog
C:\Users\Niems\documents\visual studio 2012\Projects\RoboPrototype\RoboPrototype\Debug\link.9356.read.1.tlog
C:\Users\Niems\documents\visual studio 2012\Projects\RoboPrototype\RoboPrototype\Debug\link.9356.read.2.tlog
C:\Users\Niems\documents\visual studio 2012\Projects\RoboPrototype\RoboPrototype\Debug\link.9356.write.1.tlog
C:\Users\Niems\documents\visual studio 2012\Projects\RoboPrototype\RoboPrototype\Debug\link.9504-cvtres.read.1.tlog
C:\Users\Niems\documents\visual studio 2012\Projects\RoboPrototype\RoboPrototype\Debug\link.9504-cvtres.write.1.tlog
C:\Users\Niems\documents\visual studio 2012\Projects\RoboPrototype\RoboPrototype\Debug\link.9504-rc.read.1.tlog
C:\Users\Niems\documents\visual studio 2012\Projects\RoboPrototype\RoboPrototype\Debug\link.9504-rc.write.1.tlog
C:\Users\Niems\documents\visual studio 2012\Projects\RoboPrototype\RoboPrototype\Debug\link.9504.read.1.tlog
C:\Users\Niems\documents\visual studio 2012\Projects\RoboPrototype\RoboPrototype\Debug\link.9504.write.1.tlog
C:\Users\Niems\documents\visual studio 2012\Projects\RoboPrototype\RoboPrototype\Debug\link.9520-cvtres.read.1.tlog
C:\Users\Niems\documents\visual studio 2012\Projects\RoboPrototype\RoboPrototype\Debug\link.9520-cvtres.write.1.tlog
C:\Users\Niems\documents\visual studio 2012\Projects\RoboPrototype\RoboPrototype\Debug\link.9520-rc.read.1.tlog
C:\Users\Niems\documents\visual studio 2012\Projects\RoboPrototype\RoboPrototype\Debug\link.9520-rc.write.1.tlog
C:\Users\Niems\documents\visual studio 2012\Projects\RoboPrototype\RoboPrototype\Debug\link.9520.read.1.tlog
C:\Users\Niems\documents\visual studio 2012\Projects\RoboPrototype\RoboPrototype\Debug\link.9520.read.2.tlog
C:\Users\Niems\documents\visual studio 2012\Projects\RoboPrototype\RoboPrototype\Debug\link.9520.write.1.tlog
C:\Users\Niems\documents\visual studio 2012\Projects\RoboPrototype\RoboPrototype\Debug\link.9564-cvtres.read.1.tlog
C:\Users\Niems\documents\visual studio 2012\Projects\RoboPrototype\RoboPrototype\Debug\link.9564-cvtres.write.1.tlog
C:\Users\Niems\documents\visual studio 2012\Projects\RoboPrototype\RoboPrototype\Debug\link.9564-rc.read.1.tlog
C:\Users\Niems\documents\visual studio 2012\Projects\RoboPrototype\RoboPrototype\Debug\link.9564-rc.write.1.tlog
C:\Users\Niems\documents\visual studio 2012\Projects\RoboPrototype\RoboPrototype\Debug\link.9564.read.1.tlog
C:\Users\Niems\documents\visual studio 2012\Projects\RoboPrototype\RoboPrototype\Debug\link.9564.write.1.tlog
C:\Users\Niems\documents\visual studio 2012\Projects\RoboPrototype\RoboPrototype\Debug\link.9568-cvtres.read.1.tlog
C:\Users\Niems\documents\visual studio 2012\Projects\RoboPrototype\RoboPrototype\Debug\link.9568-cvtres.write.1.tlog
C:\Users\Niems\documents\visual studio 2012\Projects\RoboPrototype\RoboPrototype\Debug\link.9568-rc.read.1.tlog
C:\Users\Niems\documents\visual studio 2012\Projects\RoboPrototype\RoboPrototype\Debug\link.9568-rc.write.1.tlog
C:\Users\Niems\documents\visual studio 2012\Projects\RoboPrototype\RoboPrototype\Debug\link.9568.read.1.tlog
C:\Users\Niems\documents\visual studio 2012\Projects\RoboPrototype\RoboPrototype\Debug\link.9568.read.2.tlog
C:\Users\Niems\documents\visual studio 2012\Projects\RoboPrototype\RoboPrototype\Debug\link.9568.write.1.tlog
C:\Users\Niems\documents\visual studio 2012\Projects\RoboPrototype\RoboPrototype\Debug\link.9664-cvtres.read.1.tlog
C:\Users\Niems\documents\visual studio 2012\Projects\RoboPrototype\RoboPrototype\Debug\link.9664-cvtres.write.1.tlog
C:\Users\Niems\documents\visual studio 2012\Projects\RoboPrototype\RoboPrototype\Debug\link.9664-rc.read.1.tlog
C:\Users\Niems\documents\visual studio 2012\Projects\RoboPrototype\RoboPrototype\Debug\link.9664-rc.write.1.tlog
C:\Users\Niems\documents\visual studio 2012\Projects\RoboPrototype\RoboPrototype\Debug\link.9664.read.1.tlog
C:\Users\Niems\documents\visual studio 2012\Projects\RoboPrototype\RoboPrototype\Debug\link.9664.read.2.tlog
C:\Users\Niems\documents\visual studio 2012\Projects\RoboPrototype\RoboPrototype\Debug\link.9664.write.1.tlog
C:\Users\Niems\documents\visual studio 2012\Projects\RoboPrototype\RoboPrototype\Debug\link.9772-cvtres.read.1.tlog
C:\Users\Niems\documents\visual studio 2012\Projects\RoboPrototype\RoboPrototype\Debug\link.9772-cvtres.write.1.tlog
C:\Users\Niems\documents\visual studio 2012\Projects\RoboPrototype\RoboPrototype\Debug\link.9772-rc.read.1.tlog
C:\Users\Niems\documents\visual studio 2012\Projects\RoboPrototype\RoboPrototype\Debug\link.9772-rc.write.1.tlog
C:\Users\Niems\documents\visual studio 2012\Projects\RoboPrototype\RoboPrototype\Debug\link.9772.read.1.tlog
C:\Users\Niems\documents\visual studio 2012\Projects\RoboPrototype\RoboPrototype\Debug\link.9772.write.1.tlog
C:\Users\Niems\documents\visual studio 2012\Projects\RoboPrototype\RoboPrototype\Debug\link.command.1.tlog
C:\Users\Niems\documents\visual studio 2012\Projects\RoboPrototype\RoboPrototype\Debug\link.read.1.tlog
C:\Users\Niems\documents\visual studio 2012\Projects\RoboPrototype\RoboPrototype\Debug\link.read.2.tlog
C:\Users\Niems\documents\visual studio 2012\Projects\RoboPrototype\RoboPrototype\Debug\link.write.1.tlog
C:\Users\Niems\documents\visual studio 2012\Projects\RoboPrototype\RoboPrototype\Debug\vc110.idb
C:\Users\Niems\documents\visual studio 2012\Projects\RoboPrototype\RoboPrototype\Debug\vc110.pdb
C:\Users\Niems\documents\visual studio 2012\Projects\RoboPrototype\Debug\RoboPrototype.pdb
C:\Users\Niems\documents\visual studio 2012\Projects\RoboPrototype\Debug\RoboPrototype.exe
C:\Users\Niems\documents\visual studio 2012\Projects\RoboPrototype\Debug\RoboPrototype.ilk
