Build started 5/31/2015 6:09:15 AM.
     1>Project "C:\Users\Niems\documents\visual studio 2012\Projects\RoboPrototype\RoboPrototype\RoboPrototype.vcxproj" on node 2 (Build target(s)).
     1>ClCompile:
         C:\Program Files (x86)\Microsoft Visual Studio 11.0\VC\bin\CL.exe /c /I./ /I"C:\Users\Niems\Desktop\Main\Programming\C++\SFML-2.3\include" /ZI /nologo /W3 /WX- /sdl /Od /Oy- /D SFML_STATIC /D _MBCS /Gm /EHsc /RTC1 /MDd /GS /fp:precise /Zc:wchar_t /Zc:forScope /Fo"Debug\\" /Fd"Debug\vc110.pdb" /Gd /TP /analyze- /errorReport:prompt Editor.cpp
         Editor.cpp
     1>c:\users\niems\documents\visual studio 2012\projects\roboprototype\roboprototype\editor.cpp(9): warning C4305: 'initializing' : truncation from 'double' to 'const float'
     1>c:\users\niems\documents\visual studio 2012\projects\roboprototype\roboprototype\editor.cpp(63): warning C4244: 'argument' : conversion from 'double' to 'float', possible loss of data
     1>c:\users\niems\documents\visual studio 2012\projects\roboprototype\roboprototype\editor.cpp(74): warning C4244: 'argument' : conversion from 'double' to 'float', possible loss of data
     1>c:\users\niems\documents\visual studio 2012\projects\roboprototype\roboprototype\editor.cpp(84): warning C4244: 'argument' : conversion from 'double' to 'float', possible loss of data
     1>c:\users\niems\documents\visual studio 2012\projects\roboprototype\roboprototype\editor.cpp(94): warning C4244: 'argument' : conversion from 'double' to 'float', possible loss of data
     1>c:\users\niems\documents\visual studio 2012\projects\roboprototype\roboprototype\editor.cpp(104): warning C4244: 'argument' : conversion from 'double' to 'float', possible loss of data
     1>c:\users\niems\documents\visual studio 2012\projects\roboprototype\roboprototype\editor.cpp(114): warning C4244: 'argument' : conversion from 'double' to 'float', possible loss of data
     1>c:\users\niems\documents\visual studio 2012\projects\roboprototype\roboprototype\editor.cpp(124): warning C4244: 'argument' : conversion from 'double' to 'float', possible loss of data
     1>c:\users\niems\documents\visual studio 2012\projects\roboprototype\roboprototype\editor.cpp(134): warning C4244: 'argument' : conversion from 'double' to 'float', possible loss of data
     1>c:\users\niems\documents\visual studio 2012\projects\roboprototype\roboprototype\editor.cpp(145): warning C4244: 'argument' : conversion from 'double' to 'float', possible loss of data
     1>c:\users\niems\documents\visual studio 2012\projects\roboprototype\roboprototype\editor.cpp(155): warning C4244: 'argument' : conversion from 'double' to 'float', possible loss of data
     1>c:\users\niems\documents\visual studio 2012\projects\roboprototype\roboprototype\editor.cpp(165): warning C4244: 'argument' : conversion from 'double' to 'float', possible loss of data
     1>c:\users\niems\documents\visual studio 2012\projects\roboprototype\roboprototype\editor.cpp(175): warning C4244: 'argument' : conversion from 'double' to 'float', possible loss of data
     1>c:\users\niems\documents\visual studio 2012\projects\roboprototype\roboprototype\editor.cpp(194): warning C4244: 'argument' : conversion from 'double' to 'float', possible loss of data
     1>c:\users\niems\documents\visual studio 2012\projects\roboprototype\roboprototype\editor.cpp(210): warning C4244: 'argument' : conversion from 'double' to 'float', possible loss of data
     1>c:\users\niems\documents\visual studio 2012\projects\roboprototype\roboprototype\editor.cpp(234): warning C4244: 'argument' : conversion from 'double' to 'float', possible loss of data
     1>c:\users\niems\documents\visual studio 2012\projects\roboprototype\roboprototype\editor.cpp(245): warning C4244: 'argument' : conversion from 'double' to 'float', possible loss of data
     1>c:\users\niems\documents\visual studio 2012\projects\roboprototype\roboprototype\editor.cpp(256): warning C4244: 'argument' : conversion from 'double' to 'float', possible loss of data
     1>c:\users\niems\documents\visual studio 2012\projects\roboprototype\roboprototype\editor.cpp(359): warning C4244: 'argument' : conversion from 'double' to 'float', possible loss of data
     1>c:\users\niems\documents\visual studio 2012\projects\roboprototype\roboprototype\editor.cpp(366): warning C4244: 'argument' : conversion from 'unsigned int' to 'float', possible loss of data
     1>c:\users\niems\documents\visual studio 2012\projects\roboprototype\roboprototype\editor.cpp(367): warning C4244: 'argument' : conversion from 'double' to 'float', possible loss of data
     1>c:\users\niems\documents\visual studio 2012\projects\roboprototype\roboprototype\editor.cpp(421): warning C4018: '>=' : signed/unsigned mismatch
     1>c:\users\niems\documents\visual studio 2012\projects\roboprototype\roboprototype\editor.cpp(426): warning C4018: '>=' : signed/unsigned mismatch
     1>c:\users\niems\documents\visual studio 2012\projects\roboprototype\roboprototype\editor.cpp(431): warning C4018: '>=' : signed/unsigned mismatch
     1>c:\users\niems\documents\visual studio 2012\projects\roboprototype\roboprototype\editor.cpp(460): warning C4018: '<' : signed/unsigned mismatch
     1>c:\users\niems\documents\visual studio 2012\projects\roboprototype\roboprototype\editor.cpp(472): warning C4018: '<' : signed/unsigned mismatch
     1>c:\users\niems\documents\visual studio 2012\projects\roboprototype\roboprototype\editor.cpp(484): warning C4018: '<' : signed/unsigned mismatch
     1>c:\users\niems\documents\visual studio 2012\projects\roboprototype\roboprototype\editor.cpp(586): warning C4305: '=' : truncation from 'double' to 'float32'
     1>c:\users\niems\documents\visual studio 2012\projects\roboprototype\roboprototype\editor.cpp(596): warning C4305: '=' : truncation from 'double' to 'float32'
     1>c:\users\niems\documents\visual studio 2012\projects\roboprototype\roboprototype\editor.cpp(605): warning C4305: '=' : truncation from 'double' to 'float32'
     1>c:\users\niems\documents\visual studio 2012\projects\roboprototype\roboprototype\editor.cpp(614): warning C4305: '=' : truncation from 'double' to 'float32'
     1>c:\users\niems\documents\visual studio 2012\projects\roboprototype\roboprototype\editor.cpp(623): warning C4305: '=' : truncation from 'double' to 'float32'
     1>c:\users\niems\documents\visual studio 2012\projects\roboprototype\roboprototype\editor.cpp(632): warning C4305: '=' : truncation from 'double' to 'float32'
     1>c:\users\niems\documents\visual studio 2012\projects\roboprototype\roboprototype\editor.cpp(641): warning C4305: '=' : truncation from 'double' to 'float32'
     1>c:\users\niems\documents\visual studio 2012\projects\roboprototype\roboprototype\editor.cpp(650): warning C4305: '=' : truncation from 'double' to 'float32'
     1>c:\users\niems\documents\visual studio 2012\projects\roboprototype\roboprototype\editor.cpp(659): warning C4305: '=' : truncation from 'double' to 'float32'
     1>c:\users\niems\documents\visual studio 2012\projects\roboprototype\roboprototype\editor.cpp(668): warning C4305: '=' : truncation from 'double' to 'float32'
     1>c:\users\niems\documents\visual studio 2012\projects\roboprototype\roboprototype\editor.cpp(677): warning C4305: '=' : truncation from 'double' to 'float32'
     1>c:\users\niems\documents\visual studio 2012\projects\roboprototype\roboprototype\editor.cpp(687): warning C4305: '=' : truncation from 'double' to 'float32'
     1>c:\users\niems\documents\visual studio 2012\projects\roboprototype\roboprototype\editor.cpp(737): warning C4305: '=' : truncation from 'double' to 'float32'
     1>c:\users\niems\documents\visual studio 2012\projects\roboprototype\roboprototype\editor.cpp(740): warning C4244: 'argument' : conversion from 'double' to 'float32', possible loss of data
     1>c:\users\niems\documents\visual studio 2012\projects\roboprototype\roboprototype\editor.cpp(747): warning C4305: '=' : truncation from 'double' to 'float32'
     1>c:\users\niems\documents\visual studio 2012\projects\roboprototype\roboprototype\editor.cpp(750): warning C4244: 'argument' : conversion from 'double' to 'float32', possible loss of data
     1>c:\users\niems\documents\visual studio 2012\projects\roboprototype\roboprototype\editor.cpp(751): warning C4244: 'argument' : conversion from 'double' to 'float32', possible loss of data
     1>c:\users\niems\documents\visual studio 2012\projects\roboprototype\roboprototype\editor.cpp(759): warning C4305: '=' : truncation from 'double' to 'float32'
     1>c:\users\niems\documents\visual studio 2012\projects\roboprototype\roboprototype\editor.cpp(762): warning C4305: 'argument' : truncation from 'double' to 'float32'
     1>c:\users\niems\documents\visual studio 2012\projects\roboprototype\roboprototype\editor.cpp(782): warning C4018: '<' : signed/unsigned mismatch
     1>c:\users\niems\documents\visual studio 2012\projects\roboprototype\roboprototype\editor.cpp(788): warning C4018: '<' : signed/unsigned mismatch
     1>c:\users\niems\documents\visual studio 2012\projects\roboprototype\roboprototype\editor.cpp(794): warning C4018: '<' : signed/unsigned mismatch
     1>c:\users\niems\documents\visual studio 2012\projects\roboprototype\roboprototype\editor.cpp(811): warning C4101: 'angle' : unreferenced local variable
       Link:
         C:\Program Files (x86)\Microsoft Visual Studio 11.0\VC\bin\link.exe /ERRORREPORT:PROMPT /OUT:"C:\Users\Niems\documents\visual studio 2012\Projects\RoboPrototype\Debug\RoboPrototype.exe" /INCREMENTAL /NOLOGO /LIBPATH:./lib /LIBPATH:"C:\Users\Niems\Desktop\Main\Programming\C++\SFML-2.3\lib" .\Debug\liquidfun.lib "sfml-audio-s-d.lib" "sfml-graphics-s-d.lib" "sfml-main-d.lib" "sfml-network-s-d.lib" "sfml-system-s-d.lib" "sfml-window-s-d.lib" winmm.lib ws2_32.lib flac.lib ogg.lib vorbis.lib vorbisenc.lib vorbisfile.lib openal32.lib opengl32.lib gdi32.lib freetype.lib jpeg.lib kernel32.lib user32.lib gdi32.lib winspool.lib comdlg32.lib advapi32.lib shell32.lib ole32.lib oleaut32.lib uuid.lib odbc32.lib odbccp32.lib /MANIFEST /MANIFESTUAC:"level='asInvoker' uiAccess='false'" /manifest:embed /DEBUG /PDB:"C:\Users\Niems\documents\visual studio 2012\Projects\RoboPrototype\Debug\RoboPrototype.pdb" /TLBID:1 /DYNAMICBASE /NXCOMPAT /IMPLIB:"C:\Users\Niems\documents\visual studio 2012\Projects\RoboPrototype\Debug\RoboPrototype.lib" /MACHINE:X86 Debug\Camera.obj
         Debug\Draw.obj
         Debug\Editor.obj
         Debug\main.obj
         Debug\Object.obj
         Debug\Physics.obj
         Debug\Timer.obj
         RoboPrototype.vcxproj -> C:\Users\Niems\documents\visual studio 2012\Projects\RoboPrototype\Debug\RoboPrototype.exe
     1>Done Building Project "C:\Users\Niems\documents\visual studio 2012\Projects\RoboPrototype\RoboPrototype\RoboPrototype.vcxproj" (Build target(s)).

Build succeeded.

Time Elapsed 00:00:03.09
