C:\USERS\NIEMS\DOCUMENTS\VISUAL STUDIO 2012\PROJECTS\ROBOPROTOTYPE\ROBOPROTOTYPE\RELEASE\TIMER.OBJ
C:\USERS\NIEMS\DOCUMENTS\VISUAL STUDIO 2012\PROJECTS\ROBOPROTOTYPE\ROBOPROTOTYPE\RELEASE\OBJECT.OBJ
C:\USERS\NIEMS\DOCUMENTS\VISUAL STUDIO 2012\PROJECTS\ROBOPROTOTYPE\ROBOPROTOTYPE\RELEASE\MAIN.OBJ
C:\USERS\NIEMS\DOCUMENTS\VISUAL STUDIO 2012\PROJECTS\ROBOPROTOTYPE\ROBOPROTOTYPE\RELEASE\VC110.PDB
C:\USERS\NIEMS\DOCUMENTS\VISUAL STUDIO 2012\PROJECTS\ROBOPROTOTYPE\ROBOPROTOTYPE\RELEASE\EDITOR.OBJ
C:\USERS\NIEMS\DOCUMENTS\VISUAL STUDIO 2012\PROJECTS\ROBOPROTOTYPE\RELEASE\ROBOPROTOTYPE.EXE
C:\USERS\NIEMS\DOCUMENTS\VISUAL STUDIO 2012\PROJECTS\ROBOPROTOTYPE\RELEASE\ROBOPROTOTYPE.PDB
C:\Users\Niems\documents\visual studio 2012\Projects\RoboPrototype\RoboPrototype\Release\Editor.obj
C:\Users\Niems\documents\visual studio 2012\Projects\RoboPrototype\RoboPrototype\Release\main.obj
C:\Users\Niems\documents\visual studio 2012\Projects\RoboPrototype\RoboPrototype\Release\Object.obj
C:\Users\Niems\documents\visual studio 2012\Projects\RoboPrototype\RoboPrototype\Release\Timer.obj
C:\Users\Niems\documents\visual studio 2012\Projects\RoboPrototype\RoboPrototype\Release\cl.command.1.tlog
C:\Users\Niems\documents\visual studio 2012\Projects\RoboPrototype\RoboPrototype\Release\CL.read.1.tlog
C:\Users\Niems\documents\visual studio 2012\Projects\RoboPrototype\RoboPrototype\Release\CL.write.1.tlog
C:\Users\Niems\documents\visual studio 2012\Projects\RoboPrototype\RoboPrototype\Release\link-cvtres.read.1.tlog
C:\Users\Niems\documents\visual studio 2012\Projects\RoboPrototype\RoboPrototype\Release\link-cvtres.write.1.tlog
C:\Users\Niems\documents\visual studio 2012\Projects\RoboPrototype\RoboPrototype\Release\link-rc.read.1.tlog
C:\Users\Niems\documents\visual studio 2012\Projects\RoboPrototype\RoboPrototype\Release\link-rc.write.1.tlog
C:\Users\Niems\documents\visual studio 2012\Projects\RoboPrototype\RoboPrototype\Release\link.command.1.tlog
C:\Users\Niems\documents\visual studio 2012\Projects\RoboPrototype\RoboPrototype\Release\link.read.1.tlog
C:\Users\Niems\documents\visual studio 2012\Projects\RoboPrototype\RoboPrototype\Release\link.write.1.tlog
C:\Users\Niems\documents\visual studio 2012\Projects\RoboPrototype\RoboPrototype\Release\vc110.pdb
C:\Users\Niems\documents\visual studio 2012\Projects\RoboPrototype\Release\RoboPrototype.pdb
C:\Users\Niems\documents\visual studio 2012\Projects\RoboPrototype\Release\RoboPrototype.exe
