Build started 6/6/2015 4:55:49 AM.
     1>Project "C:\Users\Niems\documents\visual studio 2012\Projects\RoboPrototype\RoboPrototype\RoboPrototype.vcxproj" on node 2 (Build target(s)).
     1>ClCompile:
         C:\Program Files (x86)\Microsoft Visual Studio 11.0\VC\bin\CL.exe /c /I./ /I"C:\Users\Niems\Desktop\Main\Programming\C++\SFML-2.3\include" /Zi /nologo /W3 /WX- /sdl /O2 /Oi /Oy- /GL /D SFML_STATIC /D _MBCS /Gm- /EHsc /MD /GS /Gy /fp:precise /Zc:wchar_t /Zc:forScope /Fo"Release\\" /Fd"Release\vc110.pdb" /Gd /TP /analyze- /errorReport:prompt Actor.cpp Draw.cpp Editor.cpp main.cpp Physics.cpp
         Actor.cpp
     1>Actor.cpp(11): warning C4305: 'initializing' : truncation from 'double' to 'const float'
     1>Actor.cpp(21): warning C4305: '=' : truncation from 'double' to 'float32'
     1>Actor.cpp(59): warning C4244: 'initializing' : conversion from 'double' to 'float', possible loss of data
     1>Actor.cpp(69): warning C4244: 'initializing' : conversion from 'double' to 'float', possible loss of data
     1>Actor.cpp(80): warning C4244: '=' : conversion from 'double' to 'float32', possible loss of data
         Draw.cpp
     1>Draw.cpp(12): warning C4018: '<' : signed/unsigned mismatch
     1>Draw.cpp(21): warning C4244: '=' : conversion from 'double' to 'float', possible loss of data
     1>Draw.cpp(22): warning C4244: '=' : conversion from 'double' to 'float', possible loss of data
     1>Draw.cpp(25): warning C4244: '=' : conversion from 'double' to 'float', possible loss of data
     1>Draw.cpp(26): warning C4244: '=' : conversion from 'double' to 'float', possible loss of data
         Editor.cpp
     1>Editor.cpp(9): warning C4305: 'initializing' : truncation from 'double' to 'const float'
     1>Editor.cpp(63): warning C4244: 'argument' : conversion from 'double' to 'float', possible loss of data
     1>Editor.cpp(74): warning C4244: 'argument' : conversion from 'double' to 'float', possible loss of data
     1>Editor.cpp(84): warning C4244: 'argument' : conversion from 'double' to 'float', possible loss of data
     1>Editor.cpp(94): warning C4244: 'argument' : conversion from 'double' to 'float', possible loss of data
     1>Editor.cpp(104): warning C4244: 'argument' : conversion from 'double' to 'float', possible loss of data
     1>Editor.cpp(114): warning C4244: 'argument' : conversion from 'double' to 'float', possible loss of data
     1>Editor.cpp(124): warning C4244: 'argument' : conversion from 'double' to 'float', possible loss of data
     1>Editor.cpp(134): warning C4244: 'argument' : conversion from 'double' to 'float', possible loss of data
     1>Editor.cpp(145): warning C4244: 'argument' : conversion from 'double' to 'float', possible loss of data
     1>Editor.cpp(155): warning C4244: 'argument' : conversion from 'double' to 'float', possible loss of data
     1>Editor.cpp(165): warning C4244: 'argument' : conversion from 'double' to 'float', possible loss of data
     1>Editor.cpp(175): warning C4244: 'argument' : conversion from 'double' to 'float', possible loss of data
     1>Editor.cpp(194): warning C4244: 'argument' : conversion from 'double' to 'float', possible loss of data
     1>Editor.cpp(210): warning C4244: 'argument' : conversion from 'double' to 'float', possible loss of data
     1>Editor.cpp(237): warning C4244: 'argument' : conversion from 'double' to 'float', possible loss of data
     1>Editor.cpp(248): warning C4244: 'argument' : conversion from 'double' to 'float', possible loss of data
     1>Editor.cpp(259): warning C4244: 'argument' : conversion from 'double' to 'float', possible loss of data
     1>Editor.cpp(270): warning C4244: 'argument' : conversion from 'double' to 'float', possible loss of data
     1>Editor.cpp(403): warning C4244: 'argument' : conversion from 'double' to 'float', possible loss of data
     1>Editor.cpp(410): warning C4244: 'argument' : conversion from 'unsigned int' to 'float', possible loss of data
     1>Editor.cpp(411): warning C4244: 'argument' : conversion from 'double' to 'float', possible loss of data
     1>Editor.cpp(473): warning C4018: '>=' : signed/unsigned mismatch
     1>Editor.cpp(478): warning C4018: '>=' : signed/unsigned mismatch
     1>Editor.cpp(483): warning C4018: '>=' : signed/unsigned mismatch
     1>Editor.cpp(512): warning C4018: '<' : signed/unsigned mismatch
     1>Editor.cpp(529): warning C4018: '<' : signed/unsigned mismatch
     1>Editor.cpp(546): warning C4018: '<' : signed/unsigned mismatch
     1>Editor.cpp(677): warning C4305: '=' : truncation from 'double' to 'float32'
     1>Editor.cpp(689): warning C4305: '=' : truncation from 'double' to 'float32'
     1>Editor.cpp(700): warning C4305: '=' : truncation from 'double' to 'float32'
     1>Editor.cpp(711): warning C4305: '=' : truncation from 'double' to 'float32'
     1>Editor.cpp(722): warning C4305: '=' : truncation from 'double' to 'float32'
     1>Editor.cpp(733): warning C4305: '=' : truncation from 'double' to 'float32'
     1>Editor.cpp(744): warning C4305: '=' : truncation from 'double' to 'float32'
     1>Editor.cpp(755): warning C4305: '=' : truncation from 'double' to 'float32'
     1>Editor.cpp(766): warning C4305: '=' : truncation from 'double' to 'float32'
     1>Editor.cpp(777): warning C4305: '=' : truncation from 'double' to 'float32'
     1>Editor.cpp(788): warning C4305: '=' : truncation from 'double' to 'float32'
     1>Editor.cpp(856): warning C4305: '=' : truncation from 'double' to 'float32'
     1>Editor.cpp(860): warning C4244: 'argument' : conversion from 'double' to 'float32', possible loss of data
     1>Editor.cpp(868): warning C4305: '=' : truncation from 'double' to 'float32'
     1>Editor.cpp(873): warning C4244: 'argument' : conversion from 'double' to 'float32', possible loss of data
     1>Editor.cpp(874): warning C4244: 'argument' : conversion from 'double' to 'float32', possible loss of data
     1>Editor.cpp(882): warning C4305: '=' : truncation from 'double' to 'float32'
     1>Editor.cpp(887): warning C4305: 'argument' : truncation from 'double' to 'float32'
     1>Editor.cpp(899): warning C4305: 'argument' : truncation from 'double' to 'float32'
     1>Editor.cpp(946): warning C4018: '<' : signed/unsigned mismatch
     1>Editor.cpp(950): warning C4018: '<' : signed/unsigned mismatch
     1>Editor.cpp(964): warning C4018: '<' : signed/unsigned mismatch
     1>Editor.cpp(971): warning C4018: '<' : signed/unsigned mismatch
     1>Editor.cpp(987): warning C4018: '<' : signed/unsigned mismatch
     1>Editor.cpp(994): warning C4018: '<' : signed/unsigned mismatch
     1>Editor.cpp(1024): warning C4101: 'angle' : unreferenced local variable
         main.cpp
     1>main.cpp(22): warning C4305: 'initializing' : truncation from 'double' to 'const float'
     1>main.cpp(43): warning C4305: 'initializing' : truncation from 'double' to 'float32'
     1>main.cpp(72): warning C4244: 'argument' : conversion from 'unsigned int' to 'float', possible loss of data
     1>main.cpp(72): warning C4244: 'argument' : conversion from 'double' to 'float', possible loss of data
     1>main.cpp(73): warning C4244: 'argument' : conversion from 'int' to 'float', possible loss of data
     1>main.cpp(79): warning C4244: 'argument' : conversion from 'unsigned int' to 'float', possible loss of data
     1>main.cpp(79): warning C4244: 'argument' : conversion from 'double' to 'float', possible loss of data
     1>main.cpp(81): warning C4244: 'argument' : conversion from 'double' to 'int', possible loss of data
     1>main.cpp(108): warning C4244: 'argument' : conversion from 'double' to 'float', possible loss of data
     1>main.cpp(109): warning C4244: 'argument' : conversion from 'unsigned int' to 'float', possible loss of data
     1>main.cpp(119): warning C4244: '=' : conversion from 'double' to 'float', possible loss of data
         Physics.cpp
     1>Physics.cpp(3): warning C4305: 'initializing' : truncation from 'double' to 'const float'
     1>Physics.cpp(11): warning C4018: '<' : signed/unsigned mismatch
       Link:
         C:\Program Files (x86)\Microsoft Visual Studio 11.0\VC\bin\link.exe /ERRORREPORT:PROMPT /OUT:"C:\Users\Niems\documents\visual studio 2012\Projects\RoboPrototype\Release\RoboPrototype.exe" /NOLOGO /LIBPATH:./lib /LIBPATH:"C:\Users\Niems\Desktop\Main\Programming\C++\SFML-2.3\lib" .\Release\liquidfun.lib "sfml-audio-s.lib" "sfml-graphics-s.lib" "sfml-main.lib" "sfml-network-s.lib" "sfml-system-s.lib" "sfml-window-s.lib" winmm.lib ws2_32.lib flac.lib ogg.lib vorbis.lib vorbisenc.lib vorbisfile.lib openal32.lib opengl32.lib gdi32.lib freetype.lib jpeg.lib kernel32.lib user32.lib gdi32.lib winspool.lib comdlg32.lib advapi32.lib shell32.lib ole32.lib oleaut32.lib uuid.lib odbc32.lib odbccp32.lib /MANIFEST /MANIFESTUAC:"level='asInvoker' uiAccess='false'" /manifest:embed /DEBUG /PDB:"C:\Users\Niems\documents\visual studio 2012\Projects\RoboPrototype\Release\RoboPrototype.pdb" /OPT:REF /OPT:ICF /LTCG /TLBID:1 /DYNAMICBASE /NXCOMPAT /IMPLIB:"C:\Users\Niems\documents\visual studio 2012\Projects\RoboPrototype\Release\RoboPrototype.lib" /MACHINE:X86 /SAFESEH Release\Actor.obj
         Release\Camera.obj
         Release\Draw.obj
         Release\Editor.obj
         Release\main.obj
         Release\Object.obj
         Release\Particle.obj
         Release\Physics.obj
         Release\Timer.obj
         Generating code
         Finished generating code
         RoboPrototype.vcxproj -> C:\Users\Niems\documents\visual studio 2012\Projects\RoboPrototype\Release\RoboPrototype.exe
     1>Done Building Project "C:\Users\Niems\documents\visual studio 2012\Projects\RoboPrototype\RoboPrototype\RoboPrototype.vcxproj" (Build target(s)).

Build succeeded.

Time Elapsed 00:00:06.12
